0 info it worked if it ends with ok
1 verbose cli [ '/usr/local/Cellar/node/7.3.0/bin/node',
1 verbose cli   '/usr/local/bin/npm',
1 verbose cli   'run-script',
1 verbose cli   'develop' ]
2 info using npm@3.10.10
3 info using node@v7.3.0
4 verbose run-script [ 'predevelop', 'develop', 'postdevelop' ]
5 info lifecycle public-site@1.0.0~predevelop: public-site@1.0.0
6 silly lifecycle public-site@1.0.0~predevelop: no script for predevelop, continuing
7 info lifecycle public-site@1.0.0~develop: public-site@1.0.0
8 verbose lifecycle public-site@1.0.0~develop: unsafe-perm in lifecycle true
9 verbose lifecycle public-site@1.0.0~develop: PATH: /usr/local/lib/node_modules/npm/bin/node-gyp-bin:/Users/justinreid/Desktop/personal/website/node_modules/.bin:/usr/local/Cellar/node/7.3.0/bin:/Users/justinreid/.fastlane/bin:/usr/bin:/bin:/usr/sbin:/sbin:/usr/local/bin:/Users/justinreid/.rvm/bin
10 verbose lifecycle public-site@1.0.0~develop: CWD: /Users/justinreid/Desktop/personal/website
11 silly lifecycle public-site@1.0.0~develop: Args: [ '-c', 'npmScripts/develop.sh' ]
12 silly lifecycle public-site@1.0.0~develop: Returned: code: 126  signal: null
13 info lifecycle public-site@1.0.0~develop: Failed to exec develop script
14 verbose stack Error: public-site@1.0.0 develop: `npmScripts/develop.sh`
14 verbose stack Exit status 126
14 verbose stack     at EventEmitter.<anonymous> (/usr/local/lib/node_modules/npm/lib/utils/lifecycle.js:255:16)
14 verbose stack     at emitTwo (events.js:106:13)
14 verbose stack     at EventEmitter.emit (events.js:191:7)
14 verbose stack     at ChildProcess.<anonymous> (/usr/local/lib/node_modules/npm/lib/utils/spawn.js:40:14)
14 verbose stack     at emitTwo (events.js:106:13)
14 verbose stack     at ChildProcess.emit (events.js:191:7)
14 verbose stack     at maybeClose (internal/child_process.js:885:16)
14 verbose stack     at Process.ChildProcess._handle.onexit (internal/child_process.js:226:5)
15 verbose pkgid public-site@1.0.0
16 verbose cwd /Users/justinreid/Desktop/personal/website
17 error Darwin 16.3.0
18 error argv "/usr/local/Cellar/node/7.3.0/bin/node" "/usr/local/bin/npm" "run-script" "develop"
19 error node v7.3.0
20 error npm  v3.10.10
21 error code ELIFECYCLE
22 error public-site@1.0.0 develop: `npmScripts/develop.sh`
22 error Exit status 126
23 error Failed at the public-site@1.0.0 develop script 'npmScripts/develop.sh'.
23 error Make sure you have the latest version of node.js and npm installed.
23 error If you do, this is most likely a problem with the public-site package,
23 error not with npm itself.
23 error Tell the author that this fails on your system:
23 error     npmScripts/develop.sh
23 error You can get information on how to open an issue for this project with:
23 error     npm bugs public-site
23 error Or if that isn't available, you can get their info via:
23 error     npm owner ls public-site
23 error There is likely additional logging output above.
24 verbose exit [ 1, true ]
